<?xml version="1.0" encoding="UTF-8"?>
<!-- Generated by org.testng.reporters.JUnitXMLReporter -->
<testsuite hostname="LH7U0CNU408BXHV" ignored="0" name="Surefire test" tests="4" failures="0" timestamp="17 Jan 2018 04:16:12 GMT" time="117.641" errors="0">
  <testcase name="googleCheeseExample1" time="69.36" classname="masteringSelenium.BasicTestWD"/>
  <testcase name="googleCheeseExample" time="71.813" classname="masteringSelenium.BasicTestWD"/>
  <testcase name="googleMilkExample1" time="33.177" classname="masteringSelenium.BasicTestWD"/>
  <testcase name="googleMilkExample" time="33.781" classname="masteringSelenium.BasicTestWD"/>
</testsuite> <!-- Surefire test -->
