<?xml version="1.0" encoding="UTF-8"?>
<!-- Generated by org.testng.reporters.JUnitXMLReporter -->
<testsuite hostname="LH7U0CNU408BXHV" ignored="0" name="Surefire test" tests="4" failures="0" timestamp="15 Jan 2018 18:40:53 GMT" time="81.022" errors="0">
  <testcase name="googleCheeseExample1" time="37.699" classname="masteringSelenium.BasicTestWD"/>
  <testcase name="googleCheeseExample" time="37.863" classname="masteringSelenium.BasicTestWD"/>
  <testcase name="googleMilkExample1" time="32.054" classname="masteringSelenium.BasicTestWD"/>
  <testcase name="googleMilkExample" time="33.629" classname="masteringSelenium.BasicTestWD"/>
</testsuite> <!-- Surefire test -->
