<?xml version="1.0" encoding="UTF-8"?>
<testng-results skipped="0" failed="0" ignored="0" total="2" passed="2">
  <reporter-output>
  </reporter-output>
  <suite name="Default suite" duration-ms="93451" started-at="2018-01-15T18:20:45Z" finished-at="2018-01-15T18:22:18Z">
    <groups>
    </groups>
    <test name="Default test" duration-ms="93451" started-at="2018-01-15T18:20:45Z" finished-at="2018-01-15T18:22:18Z">
      <class name="masteringSelenium.BasicTestWD">
        <test-method status="PASS" signature="instantiateDriverObject()[pri:0, instance:masteringSelenium.BasicTestWD@252119]" name="instantiateDriverObject" is-config="true" duration-ms="32" started-at="2018-01-15T23:50:45Z" finished-at="2018-01-15T23:50:45Z">
          <reporter-output>
          </reporter-output>
        </test-method> <!-- instantiateDriverObject -->
        <test-method status="PASS" signature="googleCheeseExample()[pri:0, instance:masteringSelenium.BasicTestWD@252119]" name="googleCheeseExample" duration-ms="45767" started-at="2018-01-15T23:50:45Z" finished-at="2018-01-15T23:51:31Z">
          <reporter-output>
          </reporter-output>
        </test-method> <!-- googleCheeseExample -->
        <test-method status="PASS" signature="quitDriver()[pri:0, instance:masteringSelenium.BasicTestWD@252119]" name="quitDriver" is-config="true" duration-ms="8495" started-at="2018-01-15T23:51:31Z" finished-at="2018-01-15T23:51:39Z">
          <reporter-output>
          </reporter-output>
        </test-method> <!-- quitDriver -->
        <test-method status="PASS" signature="googleMilkExample()[pri:0, instance:masteringSelenium.BasicTestWD@252119]" name="googleMilkExample" duration-ms="35056" started-at="2018-01-15T23:51:39Z" finished-at="2018-01-15T23:52:14Z">
          <reporter-output>
          </reporter-output>
        </test-method> <!-- googleMilkExample -->
        <test-method status="PASS" signature="quitDriver()[pri:0, instance:masteringSelenium.BasicTestWD@252119]" name="quitDriver" is-config="true" duration-ms="4063" started-at="2018-01-15T23:52:14Z" finished-at="2018-01-15T23:52:18Z">
          <reporter-output>
          </reporter-output>
        </test-method> <!-- quitDriver -->
      </class> <!-- masteringSelenium.BasicTestWD -->
    </test> <!-- Default test -->
  </suite> <!-- Default suite -->
</testng-results>
