<?xml version="1.0" encoding="UTF-8"?>
<testng-results skipped="0" failed="0" ignored="0" total="4" passed="4">
  <reporter-output>
  </reporter-output>
  <suite name="Surefire suite" duration-ms="117641" started-at="2018-01-17T04:14:14Z" finished-at="2018-01-17T04:16:12Z">
    <groups>
    </groups>
    <test name="Surefire test" duration-ms="117641" started-at="2018-01-17T04:14:14Z" finished-at="2018-01-17T04:16:12Z">
      <class name="masteringSelenium.BasicTestWD">
        <test-method status="PASS" signature="instantiateDriverObject()[pri:0, instance:masteringSelenium.BasicTestWD@3cb5cdba]" name="instantiateDriverObject" is-config="true" duration-ms="66" started-at="2018-01-17T09:44:14Z" finished-at="2018-01-17T09:44:14Z">
          <reporter-output>
          </reporter-output>
        </test-method> <!-- instantiateDriverObject -->
        <test-method status="PASS" signature="googleCheeseExample()[pri:0, instance:masteringSelenium.BasicTestWD@3cb5cdba]" name="googleCheeseExample" duration-ms="71813" started-at="2018-01-17T09:44:14Z" finished-at="2018-01-17T09:45:26Z">
          <reporter-output>
          </reporter-output>
        </test-method> <!-- googleCheeseExample -->
        <test-method status="PASS" signature="googleCheeseExample1()[pri:0, instance:masteringSelenium.BasicTestWD@3cb5cdba]" name="googleCheeseExample1" duration-ms="69360" started-at="2018-01-17T09:44:14Z" finished-at="2018-01-17T09:45:24Z">
          <reporter-output>
          </reporter-output>
        </test-method> <!-- googleCheeseExample1 -->
        <test-method status="PASS" signature="quitDriver()[pri:0, instance:masteringSelenium.BasicTestWD@3cb5cdba]" name="quitDriver" is-config="true" duration-ms="8794" started-at="2018-01-17T09:45:24Z" finished-at="2018-01-17T09:45:33Z">
          <reporter-output>
          </reporter-output>
        </test-method> <!-- quitDriver -->
        <test-method status="PASS" signature="quitDriver()[pri:0, instance:masteringSelenium.BasicTestWD@3cb5cdba]" name="quitDriver" is-config="true" duration-ms="6378" started-at="2018-01-17T09:45:26Z" finished-at="2018-01-17T09:45:33Z">
          <reporter-output>
          </reporter-output>
        </test-method> <!-- quitDriver -->
        <test-method status="PASS" signature="googleMilkExample()[pri:0, instance:masteringSelenium.BasicTestWD@3cb5cdba]" name="googleMilkExample" duration-ms="33781" started-at="2018-01-17T09:45:33Z" finished-at="2018-01-17T09:46:06Z">
          <reporter-output>
          </reporter-output>
        </test-method> <!-- googleMilkExample -->
        <test-method status="PASS" signature="googleMilkExample1()[pri:0, instance:masteringSelenium.BasicTestWD@3cb5cdba]" name="googleMilkExample1" duration-ms="33177" started-at="2018-01-17T09:45:33Z" finished-at="2018-01-17T09:46:06Z">
          <reporter-output>
          </reporter-output>
        </test-method> <!-- googleMilkExample1 -->
        <test-method status="PASS" signature="quitDriver()[pri:0, instance:masteringSelenium.BasicTestWD@3cb5cdba]" name="quitDriver" is-config="true" duration-ms="5800" started-at="2018-01-17T09:46:06Z" finished-at="2018-01-17T09:46:12Z">
          <reporter-output>
          </reporter-output>
        </test-method> <!-- quitDriver -->
        <test-method status="PASS" signature="quitDriver()[pri:0, instance:masteringSelenium.BasicTestWD@3cb5cdba]" name="quitDriver" is-config="true" duration-ms="5578" started-at="2018-01-17T09:46:06Z" finished-at="2018-01-17T09:46:12Z">
          <reporter-output>
          </reporter-output>
        </test-method> <!-- quitDriver -->
      </class> <!-- masteringSelenium.BasicTestWD -->
    </test> <!-- Surefire test -->
  </suite> <!-- Surefire suite -->
</testng-results>
