<?xml version="1.0" encoding="UTF-8"?>
<testsuite name="masteringSelenium.BasicTestWD" time="208.12" tests="4" errors="0" skipped="0" failures="0">
  <properties>
[...]
</properties>
  <testcase name="googleCheeseExample1" classname="masteringSelenium.BasicTestWD" time="69.378"/>
  <testcase name="googleCheeseExample" classname="masteringSelenium.BasicTestWD" time="71.799"/>
  <testcase name="googleMilkExample1" classname="masteringSelenium.BasicTestWD" time="33.177"/>
  <testcase name="googleMilkExample" classname="masteringSelenium.BasicTestWD" time="33.766"/>
</testsuite>